
*************************************************************
 Geant4 version Name: geant4-10-03-patch-01    (24-February-2017)
                      Copyright : Geant4 Collaboration
                      Reference : NIM A 506 (2003), 250-303
                            WWW : http://cern.ch/geant4
*************************************************************

G4Material::AddElement ERROR for Lu2Y2SiO5 and Lutetium  mass fraction= 1.8 is wrong 

-------- EEEE ------- G4Exception-START -------- EEEE -------
*** G4Exception : mat032
      issued by : G4Material::AddElement()
Attempt to add element with wrong mass fraction
*** Fatal Exception *** core dump ***
-------- EEEE -------- G4Exception-END --------- EEEE -------


*** G4Exception: Aborting execution ***
./script1.sh: line 3: 11750 Aborted                 ./tangle2
mv: cannot stat ‘Tangle2.root’: No such file or directory

*************************************************************
 Geant4 version Name: geant4-10-03-patch-01    (24-February-2017)
                      Copyright : Geant4 Collaboration
                      Reference : NIM A 506 (2003), 250-303
                            WWW : http://cern.ch/geant4
*************************************************************

G4Material::AddElement ERROR for Lu2Y2SiO5 and Lutetium  mass fraction= 1.8 is wrong 

-------- EEEE ------- G4Exception-START -------- EEEE -------
*** G4Exception : mat032
      issued by : G4Material::AddElement()
Attempt to add element with wrong mass fraction
*** Fatal Exception *** core dump ***
-------- EEEE -------- G4Exception-END --------- EEEE -------


*** G4Exception: Aborting execution ***
./script1.sh: line 3: 11752 Aborted                 ./tangle2
mv: cannot stat ‘Tangle2.root’: No such file or directory

*************************************************************
 Geant4 version Name: geant4-10-03-patch-01    (24-February-2017)
                      Copyright : Geant4 Collaboration
                      Reference : NIM A 506 (2003), 250-303
                            WWW : http://cern.ch/geant4
*************************************************************

G4Material::AddElement ERROR for Lu2Y2SiO5 and Lutetium  mass fraction= 1.8 is wrong 

-------- EEEE ------- G4Exception-START -------- EEEE -------
*** G4Exception : mat032
      issued by : G4Material::AddElement()
Attempt to add element with wrong mass fraction
*** Fatal Exception *** core dump ***
-------- EEEE -------- G4Exception-END --------- EEEE -------


*** G4Exception: Aborting execution ***
./script1.sh: line 3: 11754 Aborted                 ./tangle2
mv: cannot stat ‘Tangle2.root’: No such file or directory

*************************************************************
 Geant4 version Name: geant4-10-03-patch-01    (24-February-2017)
                      Copyright : Geant4 Collaboration
                      Reference : NIM A 506 (2003), 250-303
                            WWW : http://cern.ch/geant4
*************************************************************

G4Material::AddElement ERROR for Lu2Y2SiO5 and Lutetium  mass fraction= 1.8 is wrong 

-------- EEEE ------- G4Exception-START -------- EEEE -------
*** G4Exception : mat032
      issued by : G4Material::AddElement()
Attempt to add element with wrong mass fraction
*** Fatal Exception *** core dump ***
-------- EEEE -------- G4Exception-END --------- EEEE -------


*** G4Exception: Aborting execution ***
./script1.sh: line 3: 11756 Aborted                 ./tangle2
mv: cannot stat ‘Tangle2.root’: No such file or directory

*************************************************************
 Geant4 version Name: geant4-10-03-patch-01    (24-February-2017)
                      Copyright : Geant4 Collaboration
                      Reference : NIM A 506 (2003), 250-303
                            WWW : http://cern.ch/geant4
*************************************************************

G4Material::AddElement ERROR for Lu2Y2SiO5 and Lutetium  mass fraction= 1.8 is wrong 

-------- EEEE ------- G4Exception-START -------- EEEE -------
*** G4Exception : mat032
      issued by : G4Material::AddElement()
Attempt to add element with wrong mass fraction
*** Fatal Exception *** core dump ***
-------- EEEE -------- G4Exception-END --------- EEEE -------


*** G4Exception: Aborting execution ***
./script1.sh: line 3: 11758 Aborted                 ./tangle2
mv: cannot stat ‘Tangle2.root’: No such file or directory

*************************************************************
 Geant4 version Name: geant4-10-03-patch-01    (24-February-2017)
                      Copyright : Geant4 Collaboration
                      Reference : NIM A 506 (2003), 250-303
                            WWW : http://cern.ch/geant4
*************************************************************

G4Material::AddElement ERROR for Lu2Y2SiO5 and Lutetium  mass fraction= 1.8 is wrong 

-------- EEEE ------- G4Exception-START -------- EEEE -------
*** G4Exception : mat032
      issued by : G4Material::AddElement()
Attempt to add element with wrong mass fraction
*** Fatal Exception *** core dump ***
-------- EEEE -------- G4Exception-END --------- EEEE -------


*** G4Exception: Aborting execution ***
./script1.sh: line 3: 11760 Aborted                 ./tangle2
mv: cannot stat ‘Tangle2.root’: No such file or directory

*************************************************************
 Geant4 version Name: geant4-10-03-patch-01    (24-February-2017)
                      Copyright : Geant4 Collaboration
                      Reference : NIM A 506 (2003), 250-303
                            WWW : http://cern.ch/geant4
*************************************************************

G4Material::AddElement ERROR for Lu2Y2SiO5 and Lutetium  mass fraction= 1.8 is wrong 

-------- EEEE ------- G4Exception-START -------- EEEE -------
*** G4Exception : mat032
      issued by : G4Material::AddElement()
Attempt to add element with wrong mass fraction
*** Fatal Exception *** core dump ***
-------- EEEE -------- G4Exception-END --------- EEEE -------


*** G4Exception: Aborting execution ***
./script1.sh: line 3: 11763 Aborted                 ./tangle2
mv: cannot stat ‘Tangle2.root’: No such file or directory

*************************************************************
 Geant4 version Name: geant4-10-03-patch-01    (24-February-2017)
                      Copyright : Geant4 Collaboration
                      Reference : NIM A 506 (2003), 250-303
                            WWW : http://cern.ch/geant4
*************************************************************

G4Material::AddElement ERROR for Lu2Y2SiO5 and Lutetium  mass fraction= 1.8 is wrong 

-------- EEEE ------- G4Exception-START -------- EEEE -------
*** G4Exception : mat032
      issued by : G4Material::AddElement()
Attempt to add element with wrong mass fraction
*** Fatal Exception *** core dump ***
-------- EEEE -------- G4Exception-END --------- EEEE -------


*** G4Exception: Aborting execution ***
./script1.sh: line 3: 11765 Aborted                 ./tangle2
mv: cannot stat ‘Tangle2.root’: No such file or directory

*************************************************************
 Geant4 version Name: geant4-10-03-patch-01    (24-February-2017)
                      Copyright : Geant4 Collaboration
                      Reference : NIM A 506 (2003), 250-303
                            WWW : http://cern.ch/geant4
*************************************************************

G4Material::AddElement ERROR for Lu2Y2SiO5 and Lutetium  mass fraction= 1.8 is wrong 

-------- EEEE ------- G4Exception-START -------- EEEE -------
*** G4Exception : mat032
      issued by : G4Material::AddElement()
Attempt to add element with wrong mass fraction
*** Fatal Exception *** core dump ***
-------- EEEE -------- G4Exception-END --------- EEEE -------


*** G4Exception: Aborting execution ***
./script1.sh: line 3: 11767 Aborted                 ./tangle2
mv: cannot stat ‘Tangle2.root’: No such file or directory

*************************************************************
 Geant4 version Name: geant4-10-03-patch-01    (24-February-2017)
                      Copyright : Geant4 Collaboration
                      Reference : NIM A 506 (2003), 250-303
                            WWW : http://cern.ch/geant4
*************************************************************

G4Material::AddElement ERROR for Lu2Y2SiO5 and Lutetium  mass fraction= 1.8 is wrong 

-------- EEEE ------- G4Exception-START -------- EEEE -------
*** G4Exception : mat032
      issued by : G4Material::AddElement()
Attempt to add element with wrong mass fraction
*** Fatal Exception *** core dump ***
-------- EEEE -------- G4Exception-END --------- EEEE -------


*** G4Exception: Aborting execution ***
./script1.sh: line 3: 11769 Aborted                 ./tangle2
mv: cannot stat ‘Tangle2.root’: No such file or directory
